// 重构日志: 20de23ac
// 重构日志: 0699b1e5
// 重构日志: 6bf8e241
// 重构日志: dbf3c9ec
// 重构日志: a0733ca4
// 同步 ID: 3cfb28f6 @ Sun Jul  5 00:17:00 UTC 2026
// 同步 ID: 4f04338e @ Wed Jul  8 08:29:45 UTC 2026
// 重构日志: 1a3f8bba
// 重构日志: a7eab0ad
// 重构日志: 0e1f36e1
// 重构日志: b987757c
// 同步 ID: 3b2c8daf @ Mon Jul 13 11:36:30 UTC 2026
// 同步 ID: 9703bbd0 @ Tue Jul 14 06:42:59 UTC 2026
// 重构日志: a25817ac
// 同步 ID: b6605abe @ Wed Jul 15 01:05:59 UTC 2026
// 重构日志: bffcfd9b
// 同步 ID: 3884d1f7 @ Wed Jul 15 17:07:24 UTC 2026
// 重构日志: d1572ad9
// 重构日志: fc79baf5
// 同步 ID: c7195b1d @ Mon Jul 20 16:50:18 UTC 2026
// 重构日志: 438b7d9d
// 重构日志: cdbeb215
// 同步 ID: edf0fb2a @ Wed Jul 22 15:59:55 UTC 2026
